<?xml version="1.0" encoding="UTF-8"?>
<testsuite xmlns:xsi="http://www.w3.org/2001/XMLSchema-instance" xsi:noNamespaceSchemaLocation="https://maven.apache.org/surefire/maven-surefire-plugin/xsd/surefire-test-report-3.0.xsd" version="3.0" name="TestSuite" time="10.29" tests="16" errors="0" skipped="0" failures="1">
  <properties>
[...]
</properties>
  <testcase name="testApiHealthCheck" classname="com.bkstore.fastapi.tests.common.HealthCheckTests" time="1.681">
    <system-out><![CDATA[2025-07-24 23:08:50 [main] INFO  com.bkstore.fastapi.listeners.ExtentReporterNG - Starting test suite: RestAssuredSuite
2025-07-24 23:08:50 [main] INFO  com.bkstore.fastapi.utilities.EnvironmentManager - Active Environment: DEV
2025-07-24 23:08:50 [main] INFO  com.bkstore.fastapi.utilities.ConfigReader - Loaded properties from: src/test/resources/configs/config-dev.properties
2025-07-24 23:08:51 [main] INFO  com.bkstore.fastapi.listeners.ExtentReporterNG - Test context started: APITests
2025-07-24 23:08:51 [main] INFO  com.bkstore.fastapi.listeners.ExtentReporterNG - Extent Report initialized at : C:\Users\rohit\OneDrive\Documents\GitHub\qa-architect-learning\api-automation\restAssured-testNG\demo-bookstore\reports\Test-Report-2025.07.24.23.08.51.html
2025-07-24 23:08:51 [main] INFO  com.bkstore.fastapi.listeners.ExtentReporterNG - Starting test method: testApiHealthCheck
Request method:	GET
Request URI:	http://127.0.0.1:8000/health
Proxy:			<none>
Request params:	<none>
Query params:	<none>
Form params:	<none>
Path params:	<none>
Headers:		Accept=*/*
				Content-Type=application/json
Cookies:		<none>
Multiparts:		<none>
Body:			<none>
2025-07-24 23:08:53 [main] INFO  com.bkstore.fastapi.listeners.ExtentReporterNG - Test method passed : testApiHealthCheck
]]></system-out>
  </testcase>
  <testcase name="testUserSignup_Positive" classname="com.bkstore.fastapi.tests.UserTests" time="0.779">
    <system-out><![CDATA[2025-07-24 23:08:53 [main] INFO  com.bkstore.fastapi.tests.UserTests - AuthAndUserTests setup: AuthService initialized.
2025-07-24 23:08:53 [main] INFO  com.bkstore.fastapi.listeners.ExtentReporterNG - Starting test method: testUserSignup_Positive
2025-07-24 23:08:53 [main] INFO  com.bkstore.fastapi.tests.UserTests - Executing testUserSignup_Positive: Creating a new user.
2025-07-24 23:08:53 [main] INFO  com.bkstore.fastapi.tests.UserTests - Attempting signup for ID: 97069, Email: user_589df00f@example.com
Request method:	POST
Request URI:	http://127.0.0.1:8000/signup
Proxy:			<none>
Request params:	<none>
Query params:	<none>
Form params:	<none>
Path params:	<none>
Headers:		Accept=*/*
				Content-Type=application/json
Cookies:		<none>
Multiparts:		<none>
Body:
{
    "id": 97069,
    "email": "user_589df00f@example.com",
    "password": "UserPassword@123"
}
HTTP/1.1 200 OK
date: Thu, 24 Jul 2025 17:38:53 GMT
server: uvicorn
content-length: 39
content-type: application/json

{
    "message": "User created successfully"
}
2025-07-24 23:08:53 [main] INFO  com.bkstore.fastapi.tests.UserTests - User signup successful. User ID: 97069, Email: user_589df00f@example.com
2025-07-24 23:08:53 [main] INFO  com.bkstore.fastapi.tests.UserTests - testUserSignup_Positive PASSED. Details stored for chaining.
2025-07-24 23:08:53 [main] INFO  com.bkstore.fastapi.listeners.ExtentReporterNG - Test method passed : testUserSignup_Positive
]]></system-out>
  </testcase>
  <testcase name="testUserSignup_ExistingEmail_Negative" classname="com.bkstore.fastapi.tests.UserTests" time="0.046">
    <system-out><![CDATA[2025-07-24 23:08:53 [main] INFO  com.bkstore.fastapi.listeners.ExtentReporterNG - Starting test method: testUserSignup_ExistingEmail_Negative
2025-07-24 23:08:53 [main] INFO  com.bkstore.fastapi.tests.UserTests - Executing testUserSignup_ExistingEmail_Negative with email: user_589df00f@example.com
Request method:	POST
Request URI:	http://127.0.0.1:8000/signup
Proxy:			<none>
Request params:	<none>
Query params:	<none>
Form params:	<none>
Path params:	<none>
Headers:		Accept=*/*
				Content-Type=application/json
Cookies:		<none>
Multiparts:		<none>
Body:
{
    "id": 79398,
    "email": "user_589df00f@example.com",
    "password": "AnotherPassword@456"
}
HTTP/1.1 400 Bad Request
date: Thu, 24 Jul 2025 17:38:53 GMT
server: uvicorn
content-length: 37
content-type: application/json

{
    "detail": "Email already registered"
}
2025-07-24 23:08:53 [main] INFO  com.bkstore.fastapi.tests.UserTests - testUserSignup_ExistingEmail_Negative PASSED.
2025-07-24 23:08:53 [main] INFO  com.bkstore.fastapi.listeners.ExtentReporterNG - Test method passed : testUserSignup_ExistingEmail_Negative
]]></system-out>
  </testcase>
  <testcase name="testUserSignup_MissingEmail_Negative" classname="com.bkstore.fastapi.tests.UserTests" time="0.425">
    <system-out><![CDATA[2025-07-24 23:08:53 [main] INFO  com.bkstore.fastapi.listeners.ExtentReporterNG - Starting test method: testUserSignup_MissingEmail_Negative
2025-07-24 23:08:53 [main] INFO  com.bkstore.fastapi.tests.UserTests - Executing testUserSignup_MissingEmail_Negative.
Request method:	POST
Request URI:	http://127.0.0.1:8000/signup
Proxy:			<none>
Request params:	<none>
Query params:	<none>
Form params:	<none>
Path params:	<none>
Headers:		Accept=*/*
				Content-Type=application/json
Cookies:		<none>
Multiparts:		<none>
Body:
{
    "id": 82243,
    "email": null,
    "password": "AnotherPassword@456"
}
HTTP/1.1 500 Internal Server Error
date: Thu, 24 Jul 2025 17:38:53 GMT
server: uvicorn
content-length: 21
content-type: text/plain; charset=utf-8

Internal Server Error
2025-07-24 23:08:54 [main] INFO  com.bkstore.fastapi.tests.UserTests - testUserSignup_MissingEmail_Negative PASSED.
2025-07-24 23:08:54 [main] INFO  com.bkstore.fastapi.listeners.ExtentReporterNG - Test method passed : testUserSignup_MissingEmail_Negative
]]></system-out>
  </testcase>
  <testcase name="testUserSignup_MissingPassword_Negative" classname="com.bkstore.fastapi.tests.UserTests" time="0.033">
    <system-out><![CDATA[2025-07-24 23:08:54 [main] INFO  com.bkstore.fastapi.listeners.ExtentReporterNG - Starting test method: testUserSignup_MissingPassword_Negative
2025-07-24 23:08:54 [main] INFO  com.bkstore.fastapi.tests.UserTests - Executing testUserSignup_MissingPassword_Negative.
Request method:	POST
Request URI:	http://127.0.0.1:8000/signup
Proxy:			<none>
Request params:	<none>
Query params:	<none>
Form params:	<none>
Path params:	<none>
Headers:		Accept=*/*
				Content-Type=application/json
Cookies:		<none>
Multiparts:		<none>
Body:
{
    "id": 46063,
    "email": "no_pass_30eb5223@example.com",
    "password": null
}
HTTP/1.1 500 Internal Server Error
date: Thu, 24 Jul 2025 17:38:53 GMT
server: uvicorn
content-length: 21
content-type: text/plain; charset=utf-8

Internal Server Error
2025-07-24 23:08:54 [main] INFO  com.bkstore.fastapi.tests.UserTests - testUserSignup_MissingPassword_Negative PASSED.
2025-07-24 23:08:54 [main] INFO  com.bkstore.fastapi.listeners.ExtentReporterNG - Test method passed : testUserSignup_MissingPassword_Negative
]]></system-out>
  </testcase>
  <testcase name="testUserSignup_InvalidEmailFormat_Negative" classname="com.bkstore.fastapi.tests.UserTests" time="0.057">
    <failure message="1 expectation failed.&#10;Expected status code &lt;500&gt; but was &lt;400&gt;.&#10;" type="java.lang.AssertionError"><![CDATA[java.lang.AssertionError: 
1 expectation failed.
Expected status code <500> but was <400>.

	at java.base/jdk.internal.reflect.NativeConstructorAccessorImpl.newInstance0(Native Method)
	at java.base/jdk.internal.reflect.NativeConstructorAccessorImpl.newInstance(NativeConstructorAccessorImpl.java:62)
	at java.base/jdk.internal.reflect.DelegatingConstructorAccessorImpl.newInstance(DelegatingConstructorAccessorImpl.java:45)
	at java.base/java.lang.reflect.Constructor.newInstance(Constructor.java:490)
	at org.codehaus.groovy.reflection.CachedConstructor.invoke(CachedConstructor.java:73)
	at org.codehaus.groovy.reflection.CachedConstructor.doConstructorInvoke(CachedConstructor.java:60)
	at org.codehaus.groovy.runtime.callsite.ConstructorSite$ConstructorSiteNoUnwrap.callConstructor(ConstructorSite.java:86)
	at org.codehaus.groovy.runtime.callsite.CallSiteArray.defaultCallConstructor(CallSiteArray.java:57)
	at org.codehaus.groovy.runtime.callsite.AbstractCallSite.callConstructor(AbstractCallSite.java:263)
	at org.codehaus.groovy.runtime.callsite.AbstractCallSite.callConstructor(AbstractCallSite.java:277)
	at io.restassured.internal.ResponseSpecificationImpl$HamcrestAssertionClosure.validate(ResponseSpecificationImpl.groovy:512)
	at io.restassured.internal.ResponseSpecificationImpl$HamcrestAssertionClosure$validate$1.call(Unknown Source)
	at io.restassured.internal.ResponseSpecificationImpl.validateResponseIfRequired(ResponseSpecificationImpl.groovy:696)
	at io.restassured.internal.ResponseSpecificationImpl.this$2$validateResponseIfRequired(ResponseSpecificationImpl.groovy)
	at java.base/jdk.internal.reflect.NativeMethodAccessorImpl.invoke0(Native Method)
	at java.base/jdk.internal.reflect.NativeMethodAccessorImpl.invoke(NativeMethodAccessorImpl.java:62)
	at java.base/jdk.internal.reflect.DelegatingMethodAccessorImpl.invoke(DelegatingMethodAccessorImpl.java:43)
	at java.base/java.lang.reflect.Method.invoke(Method.java:566)
	at org.codehaus.groovy.runtime.callsite.PlainObjectMetaMethodSite.doInvoke(PlainObjectMetaMethodSite.java:43)
	at org.codehaus.groovy.runtime.callsite.PogoMetaMethodSite$PogoCachedMethodSiteNoUnwrapNoCoerce.invoke(PogoMetaMethodSite.java:198)
	at org.codehaus.groovy.runtime.callsite.PogoMetaMethodSite.callCurrent(PogoMetaMethodSite.java:62)
	at org.codehaus.groovy.runtime.callsite.AbstractCallSite.callCurrent(AbstractCallSite.java:185)
	at io.restassured.internal.ResponseSpecificationImpl.statusCode(ResponseSpecificationImpl.groovy:135)
	at io.restassured.specification.ResponseSpecification$statusCode$0.callCurrent(Unknown Source)
	at io.restassured.internal.ResponseSpecificationImpl.statusCode(ResponseSpecificationImpl.groovy:143)
	at io.restassured.internal.ValidatableResponseOptionsImpl.statusCode(ValidatableResponseOptionsImpl.java:89)
	at com.bkstore.fastapi.tests.UserTests.testUserSignup_InvalidEmailFormat_Negative(UserTests.java:161)
	at java.base/jdk.internal.reflect.NativeMethodAccessorImpl.invoke0(Native Method)
	at java.base/jdk.internal.reflect.NativeMethodAccessorImpl.invoke(NativeMethodAccessorImpl.java:62)
	at java.base/jdk.internal.reflect.DelegatingMethodAccessorImpl.invoke(DelegatingMethodAccessorImpl.java:43)
	at java.base/java.lang.reflect.Method.invoke(Method.java:566)
	at org.testng.internal.invokers.MethodInvocationHelper.invokeMethod(MethodInvocationHelper.java:141)
	at org.testng.internal.invokers.TestInvoker.invokeMethod(TestInvoker.java:686)
	at org.testng.internal.invokers.TestInvoker.invokeTestMethod(TestInvoker.java:230)
	at org.testng.internal.invokers.MethodRunner.runInSequence(MethodRunner.java:63)
	at org.testng.internal.invokers.TestInvoker$MethodInvocationAgent.invoke(TestInvoker.java:992)
	at org.testng.internal.invokers.TestInvoker.invokeTestMethods(TestInvoker.java:203)
	at org.testng.internal.invokers.TestMethodWorker.invokeTestMethods(TestMethodWorker.java:154)
	at org.testng.internal.invokers.TestMethodWorker.run(TestMethodWorker.java:134)
	at java.base/java.util.ArrayList.forEach(ArrayList.java:1541)
	at org.testng.TestRunner.privateRun(TestRunner.java:739)
	at org.testng.TestRunner.run(TestRunner.java:614)
	at org.testng.SuiteRunner.runTest(SuiteRunner.java:421)
	at org.testng.SuiteRunner.runSequentially(SuiteRunner.java:413)
	at org.testng.SuiteRunner.privateRun(SuiteRunner.java:373)
	at org.testng.SuiteRunner.run(SuiteRunner.java:312)
	at org.testng.SuiteRunnerWorker.runSuite(SuiteRunnerWorker.java:52)
	at org.testng.SuiteRunnerWorker.run(SuiteRunnerWorker.java:95)
	at org.testng.TestNG.runSuitesSequentially(TestNG.java:1274)
	at org.testng.TestNG.runSuitesLocally(TestNG.java:1208)
	at org.testng.TestNG.runSuites(TestNG.java:1112)
	at org.testng.TestNG.run(TestNG.java:1079)
	at org.apache.maven.surefire.testng.TestNGExecutor.run(TestNGExecutor.java:308)
	at org.apache.maven.surefire.testng.TestNGXmlTestSuite.execute(TestNGXmlTestSuite.java:71)
	at org.apache.maven.surefire.testng.TestNGProvider.invoke(TestNGProvider.java:113)
	at org.apache.maven.surefire.booter.ForkedBooter.runSuitesInProcess(ForkedBooter.java:385)
	at org.apache.maven.surefire.booter.ForkedBooter.execute(ForkedBooter.java:162)
	at org.apache.maven.surefire.booter.ForkedBooter.run(ForkedBooter.java:507)
	at org.apache.maven.surefire.booter.ForkedBooter.main(ForkedBooter.java:495)
]]></failure>
    <system-out><![CDATA[2025-07-24 23:08:54 [main] INFO  com.bkstore.fastapi.listeners.ExtentReporterNG - Starting test method: testUserSignup_InvalidEmailFormat_Negative
2025-07-24 23:08:54 [main] INFO  com.bkstore.fastapi.tests.UserTests - Executing testUserSignup_InvalidEmailFormat_Negative.
Request method:	POST
Request URI:	http://127.0.0.1:8000/signup
Proxy:			<none>
Request params:	<none>
Query params:	<none>
Form params:	<none>
Path params:	<none>
Headers:		Accept=*/*
				Content-Type=application/json
Cookies:		<none>
Multiparts:		<none>
Body:
{
    "id": 81327,
    "email": "invalid-email",
    "password": "ValidPassword@123"
}
HTTP/1.1 400 Bad Request
date: Thu, 24 Jul 2025 17:38:53 GMT
server: uvicorn
content-length: 37
content-type: application/json

{
    "detail": "Email already registered"
}
2025-07-24 23:08:54 [main] INFO  com.bkstore.fastapi.listeners.ExtentReporterNG - Test method failed! : java.lang.AssertionError: 1 expectation failed.
Expected status code <500> but was <400>.

]]></system-out>
  </testcase>
  <testcase name="testUserLogin_Positive_Chained" classname="com.bkstore.fastapi.tests.UserTests" time="0.558">
    <system-out><![CDATA[2025-07-24 23:08:54 [main] INFO  com.bkstore.fastapi.listeners.ExtentReporterNG - Starting test method: testUserLogin_Positive_Chained
2025-07-24 23:08:54 [main] INFO  com.bkstore.fastapi.tests.UserTests - Executing testUserLogin_Positive_Chained: Logging in previously signed-up user.
2025-07-24 23:08:54 [main] INFO  com.bkstore.fastapi.tests.UserTests - Attempting to log in user: ID: 97069, Email: user_589df00f@example.com
Request method:	POST
Request URI:	http://127.0.0.1:8000/login
Proxy:			<none>
Request params:	<none>
Query params:	<none>
Form params:	<none>
Path params:	<none>
Headers:		Accept=*/*
				Content-Type=application/json
Cookies:		<none>
Multiparts:		<none>
Body:
{
    "id": 97069,
    "email": "user_589df00f@example.com",
    "password": "UserPassword@123"
}
HTTP/1.1 200 OK
date: Thu, 24 Jul 2025 17:38:53 GMT
server: uvicorn
content-length: 192
content-type: application/json

{
    "access_token": "eyJ0eXAiOiJKV1QiLCJhbGciOiJIUzI1NiJ9.eyJzdWIiOiJ1c2VyXzU4OWRmMDBmQGV4YW1wbGUuY29tIiwiZXhwIjoxNzUzMzgwNTM0fQ.YJTQUuX5mxiHnmAT9br5rpTFavrp9Dijd9omcIdKjsQ",
    "token_type": "bearer"
}
2025-07-24 23:08:55 [main] INFO  com.bkstore.fastapi.tests.UserTests - User login successful. Access Token: eyJ0eXAiOi...
2025-07-24 23:08:55 [main] INFO  com.bkstore.fastapi.tests.UserTests - testUserLogin_Positive_Chained PASSED.
2025-07-24 23:08:55 [main] INFO  com.bkstore.fastapi.listeners.ExtentReporterNG - Test method passed : testUserLogin_Positive_Chained
]]></system-out>
  </testcase>
  <testcase name="testUserLogin_InvalidCredentials_Negative" classname="com.bkstore.fastapi.tests.UserTests" time="0.043">
    <system-out><![CDATA[2025-07-24 23:08:55 [main] INFO  com.bkstore.fastapi.listeners.ExtentReporterNG - Starting test method: testUserLogin_InvalidCredentials_Negative
2025-07-24 23:08:55 [main] INFO  com.bkstore.fastapi.tests.UserTests - Executing testUserLogin_InvalidCredentials_Negative.
Request method:	POST
Request URI:	http://127.0.0.1:8000/login
Proxy:			<none>
Request params:	<none>
Query params:	<none>
Form params:	<none>
Path params:	<none>
Headers:		Accept=*/*
				Content-Type=application/json
Cookies:		<none>
Multiparts:		<none>
Body:
{
    "id": 97069,
    "email": "invalid_login_ea1c41d3@example.com",
    "password": "UserPassword@123"
}
HTTP/1.1 400 Bad Request
date: Thu, 24 Jul 2025 17:38:53 GMT
server: uvicorn
content-length: 40
content-type: application/json

{
    "detail": "Incorrect email or password"
}
2025-07-24 23:08:55 [main] INFO  com.bkstore.fastapi.tests.UserTests - testUserLogin_InvalidCredentials_Negative PASSED.
2025-07-24 23:08:55 [main] INFO  com.bkstore.fastapi.listeners.ExtentReporterNG - Test method passed : testUserLogin_InvalidCredentials_Negative
]]></system-out>
  </testcase>
  <testcase name="testCreateBook_Positive" classname="com.bkstore.fastapi.tests.BookTests" time="0.187">
    <system-out><![CDATA[2025-07-24 23:08:55 [main] INFO  com.bkstore.fastapi.tests.BookTests - BookTests setup: Initiating user signup and login to obtain authentication token.
2025-07-24 23:08:55 [main] INFO  com.bkstore.fastapi.tests.BookTests - Attempting to sign up user: book_test_user_8cb70347@example.com
Request method:	POST
Request URI:	http://127.0.0.1:8000/signup
Proxy:			<none>
Request params:	<none>
Query params:	<none>
Form params:	<none>
Path params:	<none>
Headers:		Accept=*/*
				Content-Type=application/json
Cookies:		<none>
Multiparts:		<none>
Body:
{
    "id": 50955,
    "email": "book_test_user_8cb70347@example.com",
    "password": "BookTestPassword123!"
}
2025-07-24 23:08:55 [main] INFO  com.bkstore.fastapi.tests.BookTests - User signed up successfully: book_test_user_8cb70347@example.com
2025-07-24 23:08:55 [main] INFO  com.bkstore.fastapi.tests.BookTests - Attempting to log in user: book_test_user_8cb70347@example.com
Request method:	POST
Request URI:	http://127.0.0.1:8000/login
Proxy:			<none>
Request params:	<none>
Query params:	<none>
Form params:	<none>
Path params:	<none>
Headers:		Accept=*/*
				Content-Type=application/json
Cookies:		<none>
Multiparts:		<none>
Body:
{
    "id": 50955,
    "email": "book_test_user_8cb70347@example.com",
    "password": "BookTestPassword123!"
}
2025-07-24 23:08:56 [main] INFO  com.bkstore.fastapi.tests.BookTests - Successfully obtained Auth Token for book_test_user_8cb70347@example.com. Token (first 10 chars): eyJ0eXAiOi...
2025-07-24 23:08:56 [main] INFO  com.bkstore.fastapi.tests.BookTests - Authentication setup for BookTests completed successfully.
2025-07-24 23:08:56 [main] INFO  com.bkstore.fastapi.listeners.ExtentReporterNG - Starting test method: testCreateBook_Positive
2025-07-24 23:08:56 [main] INFO  com.bkstore.fastapi.tests.BookTests - Executing testCreateBook_Positive
Request method:	POST
Request URI:	http://127.0.0.1:8000/books/
Proxy:			<none>
Request params:	<none>
Query params:	<none>
Form params:	<none>
Path params:	<none>
Headers:		Authorization=Bearer eyJ0eXAiOiJKV1QiLCJhbGciOiJIUzI1NiJ9.eyJzdWIiOiJib29rX3Rlc3RfdXNlcl84Y2I3MDM0N0BleGFtcGxlLmNvbSIsImV4cCI6MTc1MzM4MDUzNn0.q7NAhto6ikcnonuHCeGNoaLzUmkQbjxbN4V0IFQTBXs
				Accept=*/*
				Content-Type=application/json
Cookies:		<none>
Multiparts:		<none>
Body:
{
    "id": null,
    "name": "Test Book 473be7",
    "author": "book_test_user_8cb70347@example.com",
    "published_year": 1966,
    "book_summary": "This is a summary of the automated test book for Test Book 473be7 by book_test_user_8cb70347@example.com"
}
HTTP/1.1 200 OK
date: Thu, 24 Jul 2025 17:38:55 GMT
server: uvicorn
content-length: 225
content-type: application/json

{
    "name": "Test Book 473be7",
    "published_year": 1966,
    "book_summary": "This is a summary of the automated test book for Test Book 473be7 by book_test_user_8cb70347@example.com",
    "id": 7,
    "author": "book_test_user_8cb70347@example.com"
}
HTTP/1.1 200 OK
date: Thu, 24 Jul 2025 17:38:55 GMT
server: uvicorn
content-length: 225
content-type: application/json

{
    "name": "Test Book 473be7",
    "published_year": 1966,
    "book_summary": "This is a summary of the automated test book for Test Book 473be7 by book_test_user_8cb70347@example.com",
    "id": 7,
    "author": "book_test_user_8cb70347@example.com"
}
2025-07-24 23:08:56 [main] INFO  com.bkstore.fastapi.tests.BookTests - Book created with ID: 7. Name: Test Book 473be7
2025-07-24 23:08:56 [main] INFO  com.bkstore.fastapi.tests.BookTests - testCreateBook_Positive PASSED.
2025-07-24 23:08:56 [main] INFO  com.bkstore.fastapi.listeners.ExtentReporterNG - Test method passed : testCreateBook_Positive
]]></system-out>
  </testcase>
  <testcase name="testGetBookById_Positive" classname="com.bkstore.fastapi.tests.BookTests" time="0.051">
    <system-out><![CDATA[2025-07-24 23:08:56 [main] INFO  com.bkstore.fastapi.listeners.ExtentReporterNG - Starting test method: testGetBookById_Positive
2025-07-24 23:08:56 [main] INFO  com.bkstore.fastapi.tests.BookTests - Executing testGetBookById_Positive for Book ID: 7
Request method:	GET
Request URI:	http://127.0.0.1:8000/books/7
Proxy:			<none>
Request params:	<none>
Query params:	<none>
Form params:	<none>
Path params:	id=7
Headers:		Authorization=Bearer eyJ0eXAiOiJKV1QiLCJhbGciOiJIUzI1NiJ9.eyJzdWIiOiJib29rX3Rlc3RfdXNlcl84Y2I3MDM0N0BleGFtcGxlLmNvbSIsImV4cCI6MTc1MzM4MDUzNn0.q7NAhto6ikcnonuHCeGNoaLzUmkQbjxbN4V0IFQTBXs
				Accept=*/*
				Content-Type=application/json
Cookies:		<none>
Multiparts:		<none>
Body:			<none>
HTTP/1.1 200 OK
date: Thu, 24 Jul 2025 17:38:55 GMT
server: uvicorn
content-length: 225
content-type: application/json

{
    "name": "Test Book 473be7",
    "published_year": 1966,
    "book_summary": "This is a summary of the automated test book for Test Book 473be7 by book_test_user_8cb70347@example.com",
    "id": 7,
    "author": "book_test_user_8cb70347@example.com"
}
HTTP/1.1 200 OK
date: Thu, 24 Jul 2025 17:38:55 GMT
server: uvicorn
content-length: 225
content-type: application/json

{
    "name": "Test Book 473be7",
    "published_year": 1966,
    "book_summary": "This is a summary of the automated test book for Test Book 473be7 by book_test_user_8cb70347@example.com",
    "id": 7,
    "author": "book_test_user_8cb70347@example.com"
}
2025-07-24 23:08:56 [main] INFO  com.bkstore.fastapi.tests.BookTests - testGetBookById_Positive PASSED.
2025-07-24 23:08:56 [main] INFO  com.bkstore.fastapi.listeners.ExtentReporterNG - Test method passed : testGetBookById_Positive
]]></system-out>
  </testcase>
  <testcase name="testUpdateBookById_Positive" classname="com.bkstore.fastapi.tests.BookTests" time="0.445">
    <system-out><![CDATA[2025-07-24 23:08:56 [main] INFO  com.bkstore.fastapi.listeners.ExtentReporterNG - Starting test method: testUpdateBookById_Positive
2025-07-24 23:08:56 [main] INFO  com.bkstore.fastapi.tests.BookTests - Executing testUpdateBookById_Positive for Book ID: 7
Request method:	PUT
Request URI:	http://127.0.0.1:8000/books/7
Proxy:			<none>
Request params:	<none>
Query params:	<none>
Form params:	<none>
Path params:	id=7
Headers:		Authorization=Bearer eyJ0eXAiOiJKV1QiLCJhbGciOiJIUzI1NiJ9.eyJzdWIiOiJib29rX3Rlc3RfdXNlcl84Y2I3MDM0N0BleGFtcGxlLmNvbSIsImV4cCI6MTc1MzM4MDUzNn0.q7NAhto6ikcnonuHCeGNoaLzUmkQbjxbN4V0IFQTBXs
				Accept=*/*
				Content-Type=application/json
Cookies:		<none>
Multiparts:		<none>
Body:
{
    "id": 7,
    "name": "Updated Test Book 778b7a",
    "author": "book_test_user_8cb70347@example.com",
    "published_year": 2014,
    "book_summary": "This is an updated summary of the automated test book Updated Test Book 778b7a by book_test_user_8cb70347@example.com"
}
HTTP/1.1 200 OK
date: Thu, 24 Jul 2025 17:38:55 GMT
server: uvicorn
content-length: 246
content-type: application/json

{
    "name": "Updated Test Book 778b7a",
    "published_year": 2014,
    "book_summary": "This is an updated summary of the automated test book Updated Test Book 778b7a by book_test_user_8cb70347@example.com",
    "id": 7,
    "author": "book_test_user_8cb70347@example.com"
}
HTTP/1.1 200 OK
date: Thu, 24 Jul 2025 17:38:55 GMT
server: uvicorn
content-length: 246
content-type: application/json

{
    "name": "Updated Test Book 778b7a",
    "published_year": 2014,
    "book_summary": "This is an updated summary of the automated test book Updated Test Book 778b7a by book_test_user_8cb70347@example.com",
    "id": 7,
    "author": "book_test_user_8cb70347@example.com"
}
2025-07-24 23:08:57 [main] INFO  com.bkstore.fastapi.tests.BookTests - testUpdateBookById_Positive PASSED.
2025-07-24 23:08:57 [main] INFO  com.bkstore.fastapi.listeners.ExtentReporterNG - Test method passed : testUpdateBookById_Positive
]]></system-out>
  </testcase>
  <testcase name="testDeleteBookById_Positive" classname="com.bkstore.fastapi.tests.BookTests" time="0.131">
    <system-out><![CDATA[2025-07-24 23:08:57 [main] INFO  com.bkstore.fastapi.listeners.ExtentReporterNG - Starting test method: testDeleteBookById_Positive
2025-07-24 23:08:57 [main] INFO  com.bkstore.fastapi.tests.BookTests - Executing testDeleteBookById_Positive for Book ID: 7
Request method:	DELETE
Request URI:	http://127.0.0.1:8000/books/7
Proxy:			<none>
Request params:	<none>
Query params:	<none>
Form params:	<none>
Path params:	id=7
Headers:		Authorization=Bearer eyJ0eXAiOiJKV1QiLCJhbGciOiJIUzI1NiJ9.eyJzdWIiOiJib29rX3Rlc3RfdXNlcl84Y2I3MDM0N0BleGFtcGxlLmNvbSIsImV4cCI6MTc1MzM4MDUzNn0.q7NAhto6ikcnonuHCeGNoaLzUmkQbjxbN4V0IFQTBXs
				Accept=*/*
				Content-Type=application/json
Cookies:		<none>
Multiparts:		<none>
Body:			<none>
HTTP/1.1 200 OK
date: Thu, 24 Jul 2025 17:38:55 GMT
server: uvicorn
content-length: 39
content-type: application/json

{
    "message": "Book deleted successfully"
}
2025-07-24 23:08:57 [main] INFO  com.bkstore.fastapi.tests.BookTests - Verifying book is deleted by attempting GET all books and checking for absence of ID: 7
Request method:	GET
Request URI:	http://127.0.0.1:8000/books/7
Proxy:			<none>
Request params:	<none>
Query params:	<none>
Form params:	<none>
Path params:	id=7
Headers:		Authorization=Bearer eyJ0eXAiOiJKV1QiLCJhbGciOiJIUzI1NiJ9.eyJzdWIiOiJib29rX3Rlc3RfdXNlcl84Y2I3MDM0N0BleGFtcGxlLmNvbSIsImV4cCI6MTc1MzM4MDUzNn0.q7NAhto6ikcnonuHCeGNoaLzUmkQbjxbN4V0IFQTBXs
				Accept=*/*
				Content-Type=application/json
Cookies:		<none>
Multiparts:		<none>
Body:			<none>
HTTP/1.1 404 Not Found
date: Thu, 24 Jul 2025 17:38:55 GMT
server: uvicorn
content-length: 27
content-type: application/json

{
    "detail": "Book not found"
}
2025-07-24 23:08:57 [main] INFO  com.bkstore.fastapi.tests.BookTests - testDeleteBookById_Positive PASSED.
2025-07-24 23:08:57 [main] INFO  com.bkstore.fastapi.listeners.ExtentReporterNG - Test method passed : testDeleteBookById_Positive
]]></system-out>
  </testcase>
  <testcase name="testGetAllBooks_Positive" classname="com.bkstore.fastapi.tests.BookTests" time="0.063">
    <system-out><![CDATA[2025-07-24 23:08:57 [main] INFO  com.bkstore.fastapi.listeners.ExtentReporterNG - Starting test method: testGetAllBooks_Positive
2025-07-24 23:08:57 [main] INFO  com.bkstore.fastapi.tests.BookTests - Executing testGetAllBooks_Positive
Request method:	GET
Request URI:	http://127.0.0.1:8000/books/
Proxy:			<none>
Request params:	<none>
Query params:	<none>
Form params:	<none>
Path params:	<none>
Headers:		Authorization=Bearer eyJ0eXAiOiJKV1QiLCJhbGciOiJIUzI1NiJ9.eyJzdWIiOiJib29rX3Rlc3RfdXNlcl84Y2I3MDM0N0BleGFtcGxlLmNvbSIsImV4cCI6MTc1MzM4MDUzNn0.q7NAhto6ikcnonuHCeGNoaLzUmkQbjxbN4V0IFQTBXs
				Accept=*/*
				Content-Type=application/json
Cookies:		<none>
Multiparts:		<none>
Body:			<none>
HTTP/1.1 200 OK
date: Thu, 24 Jul 2025 17:38:55 GMT
server: uvicorn
content-length: 1131
content-type: application/json

[
    {
        "name": "Test Book dbc657",
        "published_year": 1981,
        "book_summary": "This is a summary of the automated test book for Test Book dbc657 by book_test_user_1df8d44c@example.com",
        "id": 2,
        "author": "book_test_user_1df8d44c@example.com"
    },
    {
        "name": "Test Book fe2ed2",
        "published_year": 1978,
        "book_summary": "This is a summary of the automated test book for Test Book fe2ed2 by book_test_user_7820bd9a@example.com",
        "id": 3,
        "author": "book_test_user_7820bd9a@example.com"
    },
    {
        "name": "Test Book 45a59f",
        "published_year": 1961,
        "book_summary": "This is a summary of the automated test book for Test Book 45a59f by book_test_user_2b2cb279@example.com",
        "id": 4,
        "author": "book_test_user_2b2cb279@example.com"
    },
    {
        "name": "Test Book b423ab",
        "published_year": 1967,
        "book_summary": "This is a summary of the automated test book for Test Book b423ab by book_test_user_e8c0f3f8@example.com",
        "id": 5,
        "author": "book_test_user_e8c0f3f8@example.com"
    },
    {
        "name": "Test Book 56b038",
        "published_year": 1931,
        "book_summary": "This is a summary of the automated test book for Test Book 56b038 by book_test_user_09eec755@example.com",
        "id": 6,
        "author": "book_test_user_09eec755@example.com"
    }
]
HTTP/1.1 200 OK
date: Thu, 24 Jul 2025 17:38:55 GMT
server: uvicorn
content-length: 1131
content-type: application/json

[
    {
        "name": "Test Book dbc657",
        "published_year": 1981,
        "book_summary": "This is a summary of the automated test book for Test Book dbc657 by book_test_user_1df8d44c@example.com",
        "id": 2,
        "author": "book_test_user_1df8d44c@example.com"
    },
    {
        "name": "Test Book fe2ed2",
        "published_year": 1978,
        "book_summary": "This is a summary of the automated test book for Test Book fe2ed2 by book_test_user_7820bd9a@example.com",
        "id": 3,
        "author": "book_test_user_7820bd9a@example.com"
    },
    {
        "name": "Test Book 45a59f",
        "published_year": 1961,
        "book_summary": "This is a summary of the automated test book for Test Book 45a59f by book_test_user_2b2cb279@example.com",
        "id": 4,
        "author": "book_test_user_2b2cb279@example.com"
    },
    {
        "name": "Test Book b423ab",
        "published_year": 1967,
        "book_summary": "This is a summary of the automated test book for Test Book b423ab by book_test_user_e8c0f3f8@example.com",
        "id": 5,
        "author": "book_test_user_e8c0f3f8@example.com"
    },
    {
        "name": "Test Book 56b038",
        "published_year": 1931,
        "book_summary": "This is a summary of the automated test book for Test Book 56b038 by book_test_user_09eec755@example.com",
        "id": 6,
        "author": "book_test_user_09eec755@example.com"
    }
]
2025-07-24 23:08:57 [main] INFO  com.bkstore.fastapi.tests.BookTests - testGetAllBooks_Positive PASSED.
2025-07-24 23:08:57 [main] INFO  com.bkstore.fastapi.listeners.ExtentReporterNG - Test method passed : testGetAllBooks_Positive
]]></system-out>
  </testcase>
  <testcase name="testCreateBook_NoAuth_Negative" classname="com.bkstore.fastapi.tests.BookTests" time="0.036">
    <system-out><![CDATA[2025-07-24 23:08:57 [main] INFO  com.bkstore.fastapi.listeners.ExtentReporterNG - Starting test method: testCreateBook_NoAuth_Negative
2025-07-24 23:08:57 [main] INFO  com.bkstore.fastapi.tests.BookTests - Executing testCreateBook_NoAuth_Negative
Request method:	POST
Request URI:	http://127.0.0.1:8000/books/
Proxy:			<none>
Request params:	<none>
Query params:	<none>
Form params:	<none>
Path params:	<none>
Headers:		Accept=*/*
				Content-Type=application/json
Cookies:		<none>
Multiparts:		<none>
Body:
{
    "id": null,
    "name": "Test Book 248a5f",
    "author": "book_test_user_8cb70347@example.com",
    "published_year": 1989,
    "book_summary": "This is a summary of the automated test book for Test Book 248a5f by book_test_user_8cb70347@example.com"
}
HTTP/1.1 403 Forbidden
date: Thu, 24 Jul 2025 17:38:55 GMT
server: uvicorn
content-length: 30
content-type: application/json

{
    "detail": "Not authenticated"
}
2025-07-24 23:08:57 [main] INFO  com.bkstore.fastapi.tests.BookTests - testCreateBook_NoAuth_Negative PASSED.
2025-07-24 23:08:57 [main] INFO  com.bkstore.fastapi.listeners.ExtentReporterNG - Test method passed : testCreateBook_NoAuth_Negative
]]></system-out>
  </testcase>
  <testcase name="testGetBookById_NotFound_Negative" classname="com.bkstore.fastapi.tests.BookTests" time="0.032">
    <system-out><![CDATA[2025-07-24 23:08:57 [main] INFO  com.bkstore.fastapi.listeners.ExtentReporterNG - Starting test method: testGetBookById_NotFound_Negative
2025-07-24 23:08:57 [main] INFO  com.bkstore.fastapi.tests.BookTests - Executing testGetBookById_NotFound_Negative
Request method:	GET
Request URI:	http://127.0.0.1:8000/books/99999999
Proxy:			<none>
Request params:	<none>
Query params:	<none>
Form params:	<none>
Path params:	id=99999999
Headers:		Authorization=Bearer eyJ0eXAiOiJKV1QiLCJhbGciOiJIUzI1NiJ9.eyJzdWIiOiJib29rX3Rlc3RfdXNlcl84Y2I3MDM0N0BleGFtcGxlLmNvbSIsImV4cCI6MTc1MzM4MDUzNn0.q7NAhto6ikcnonuHCeGNoaLzUmkQbjxbN4V0IFQTBXs
				Accept=*/*
				Content-Type=application/json
Cookies:		<none>
Multiparts:		<none>
Body:			<none>
HTTP/1.1 404 Not Found
date: Thu, 24 Jul 2025 17:38:55 GMT
server: uvicorn
content-length: 27
content-type: application/json

{
    "detail": "Book not found"
}
2025-07-24 23:08:57 [main] INFO  com.bkstore.fastapi.tests.BookTests - testGetBookById_NotFound_Negative PASSED.
2025-07-24 23:08:57 [main] INFO  com.bkstore.fastapi.listeners.ExtentReporterNG - Test method passed : testGetBookById_NotFound_Negative
]]></system-out>
  </testcase>
  <testcase name="testDeleteBookById_NotFound_Negative" classname="com.bkstore.fastapi.tests.BookTests" time="0.044">
    <system-out><![CDATA[2025-07-24 23:08:57 [main] INFO  com.bkstore.fastapi.listeners.ExtentReporterNG - Starting test method: testDeleteBookById_NotFound_Negative
2025-07-24 23:08:57 [main] INFO  com.bkstore.fastapi.tests.BookTests - Executing testDeleteBookById_NotFound_Negative
Request method:	DELETE
Request URI:	http://127.0.0.1:8000/books/99999998
Proxy:			<none>
Request params:	<none>
Query params:	<none>
Form params:	<none>
Path params:	id=99999998
Headers:		Authorization=Bearer eyJ0eXAiOiJKV1QiLCJhbGciOiJIUzI1NiJ9.eyJzdWIiOiJib29rX3Rlc3RfdXNlcl84Y2I3MDM0N0BleGFtcGxlLmNvbSIsImV4cCI6MTc1MzM4MDUzNn0.q7NAhto6ikcnonuHCeGNoaLzUmkQbjxbN4V0IFQTBXs
				Accept=*/*
				Content-Type=application/json
Cookies:		<none>
Multiparts:		<none>
Body:			<none>
HTTP/1.1 404 Not Found
date: Thu, 24 Jul 2025 17:38:55 GMT
server: uvicorn
content-length: 27
content-type: application/json

{
    "detail": "Book not found"
}
2025-07-24 23:08:57 [main] INFO  com.bkstore.fastapi.tests.BookTests - testDeleteBookById_NotFound_Negative PASSED.
2025-07-24 23:08:57 [main] INFO  com.bkstore.fastapi.listeners.ExtentReporterNG - Test method passed : testDeleteBookById_NotFound_Negative
]]></system-out>
  </testcase>
</testsuite>